# JRE version: OpenJDK Runtime Environment (21.0.3) (build 21.0.3+-12282718-b509.11)
# Java VM: OpenJDK 64-Bit Server VM (21.0.3+-12282718-b509.11, mixed mode, tiered, compressed oops, compressed class ptrs, g1 gc, windows-amd64)
GC Precious Log:
 CardTable entry size: 512
 Card Set container configuration: InlinePtr #cards 5 size 8 Array Of Cards #cards 12 size 40 Howl #buckets 4 coarsen threshold 1843 Howl Bitmap #cards 512 size 80 coarsen threshold 460 Card regions per heap region 1 cards per card region 2048
 CPUs: 8 total, 8 available
 Memory: 24428M
 Large Page Support: Disabled
 NUMA Support: Disabled
 Compressed Oops: Enabled (32-bit)
 Heap Region Size: 1M
 Heap Min Capacity: 8M
 Heap Initial Capacity: 382M
 Heap Max Capacity: 2G
 Pre-touch: Disabled
 Parallel Workers: 8
 Concurrent Workers: 2
 Concurrent Refinement Workers: 8
 Periodic GC: Disabled
Heap:
 garbage-first heap   total 92160K, used 51717K [0x0000000080000000, 0x0000000100000000)
  region size 1024K, 22 young (22528K), 3 survivors (3072K)
 Metaspace       used 48419K, committed 49728K, reserved 1114112K
  class space    used 6596K, committed 7232K, reserved 1048576K
GC Heap History (16 events):
Event: 2.062 GC heap before
{Heap before GC invocations=0 (full 0):
 garbage-first heap   total 391168K, used 26624K [0x0000000080000000, 0x0000000100000000)
  region size 1024K, 23 young (23552K), 0 survivors (0K)
 Metaspace       used 8152K, committed 8320K, reserved 1114112K
  class space    used 744K, committed 832K, reserved 1048576K
}
Event: 2.073 GC heap after
{Heap after GC invocations=1 (full 0):
 garbage-first heap   total 391168K, used 10169K [0x0000000080000000, 0x0000000100000000)
  region size 1024K, 3 young (3072K), 3 survivors (3072K)
 Metaspace       used 8152K, committed 8320K, reserved 1114112K
  class space    used 744K, committed 832K, reserved 1048576K
}
Event: 3.097 GC heap before
{Heap before GC invocations=1 (full 0):
 garbage-first heap   total 391168K, used 38841K [0x0000000080000000, 0x0000000100000000)
  region size 1024K, 32 young (32768K), 3 survivors (3072K)
 Metaspace       used 12029K, committed 12288K, reserved 1114112K
  class space    used 1281K, committed 1408K, reserved 1048576K
}
Event: 3.101 GC heap after
{Heap after GC invocations=2 (full 0):
 garbage-first heap   total 391168K, used 12081K [0x0000000080000000, 0x0000000100000000)
  region size 1024K, 2 young (2048K), 2 survivors (2048K)
 Metaspace       used 12029K, committed 12288K, reserved 1114112K
  class space    used 1281K, committed 1408K, reserved 1048576K
}
Event: 5.105 GC heap before
{Heap before GC invocations=2 (full 0):
 garbage-first heap   total 391168K, used 79665K [0x0000000080000000, 0x0000000100000000)
  region size 1024K, 67 young (68608K), 2 survivors (2048K)
 Metaspace       used 21220K, committed 21504K, reserved 1114112K
  class space    used 2469K, committed 2624K, reserved 1048576K
}
Event: 5.114 GC heap after
{Heap after GC invocations=3 (full 0):
 garbage-first heap   total 391168K, used 21098K [0x0000000080000000, 0x0000000100000000)
  region size 1024K, 10 young (10240K), 10 survivors (10240K)
 Metaspace       used 21220K, committed 21504K, reserved 1114112K
  class space    used 2469K, committed 2624K, reserved 1048576K
}
Event: 7.431 GC heap before
{Heap before GC invocations=4 (full 0):
 garbage-first heap   total 78848K, used 76394K [0x0000000080000000, 0x0000000100000000)
  region size 1024K, 65 young (66560K), 10 survivors (10240K)
 Metaspace       used 30126K, committed 30720K, reserved 1114112K
  class space    used 3920K, committed 4224K, reserved 1048576K
}
Event: 7.441 GC heap after
{Heap after GC invocations=5 (full 0):
 garbage-first heap   total 92160K, used 23895K [0x0000000080000000, 0x0000000100000000)
  region size 1024K, 13 young (13312K), 13 survivors (13312K)
 Metaspace       used 30126K, committed 30720K, reserved 1114112K
  class space    used 3920K, committed 4224K, reserved 1048576K
}
Event: 8.606 GC heap before
{Heap before GC invocations=5 (full 0):
 garbage-first heap   total 92160K, used 59735K [0x0000000080000000, 0x0000000100000000)
  region size 1024K, 50 young (51200K), 13 survivors (13312K)
 Metaspace       used 35237K, committed 36096K, reserved 1114112K
  class space    used 4759K, committed 5184K, reserved 1048576K
}
Event: 8.617 GC heap after
{Heap after GC invocations=6 (full 0):
 garbage-first heap   total 92160K, used 26551K [0x0000000080000000, 0x0000000100000000)
  region size 1024K, 6 young (6144K), 6 survivors (6144K)
 Metaspace       used 35237K, committed 36096K, reserved 1114112K
  class space    used 4759K, committed 5184K, reserved 1048576K
}
Event: 8.683 GC heap before
{Heap before GC invocations=6 (full 0):
 garbage-first heap   total 92160K, used 28599K [0x0000000080000000, 0x0000000100000000)
  region size 1024K, 9 young (9216K), 6 survivors (6144K)
 Metaspace       used 35537K, committed 36416K, reserved 1114112K
  class space    used 4817K, committed 5248K, reserved 1048576K
}
Event: 8.689 GC heap after
{Heap after GC invocations=7 (full 0):
 garbage-first heap   total 92160K, used 26763K [0x0000000080000000, 0x0000000100000000)
  region size 1024K, 3 young (3072K), 3 survivors (3072K)
 Metaspace       used 35537K, committed 36416K, reserved 1114112K
  class space    used 4817K, committed 5248K, reserved 1048576K
}
Event: 10.243 GC heap before
{Heap before GC invocations=8 (full 0):
 garbage-first heap   total 92160K, used 74891K [0x0000000080000000, 0x0000000100000000)
  region size 1024K, 51 young (52224K), 3 survivors (3072K)
 Metaspace       used 44414K, committed 45568K, reserved 1114112K
  class space    used 6015K, committed 6592K, reserved 1048576K
}
Event: 10.252 GC heap after
{Heap after GC invocations=9 (full 0):
 garbage-first heap   total 92160K, used 30729K [0x0000000080000000, 0x0000000100000000)
  region size 1024K, 7 young (7168K), 7 survivors (7168K)
 Metaspace       used 44414K, committed 45568K, reserved 1114112K
  class space    used 6015K, committed 6592K, reserved 1048576K
}
Event: 10.961 GC heap before
{Heap before GC invocations=9 (full 0):
 garbage-first heap   total 92160K, used 75785K [0x0000000080000000, 0x0000000100000000)
  region size 1024K, 52 young (53248K), 7 survivors (7168K)
 Metaspace       used 46411K, committed 47680K, reserved 1114112K
  class space    used 6257K, committed 6848K, reserved 1048576K
}
Event: 10.971 GC heap after
{Heap after GC invocations=10 (full 0):
 garbage-first heap   total 92160K, used 33285K [0x0000000080000000, 0x0000000100000000)
  region size 1024K, 3 young (3072K), 3 survivors (3072K)
 Metaspace       used 46411K, committed 47680K, reserved 1114112K
  class space    used 6257K, committed 6848K, reserved 1048576K
}

